proguard/seeds.txt
com.minook.zeppa.Constants$NotificationType: com.minook.zeppa.Constants$NotificationType[] values()
com.minook.zeppa.Constants$NotificationType: com.minook.zeppa.Constants$NotificationType valueOf(java.lang.String)
com.minook.zeppa.R$anim: int abc_fade_in
com.minook.zeppa.R$anim: int abc_fade_out
com.minook.zeppa.R$anim: int abc_slide_in_bottom
com.minook.zeppa.R$anim: int abc_slide_in_top
com.minook.zeppa.R$anim: int abc_slide_out_bottom
com.minook.zeppa.R$anim: int abc_slide_out_top
com.minook.zeppa.R$anim: int hold
com.minook.zeppa.R$anim: int slide_down_out
com.minook.zeppa.R$anim: int slide_left_in
com.minook.zeppa.R$anim: int slide_left_out
com.minook.zeppa.R$anim: int slide_right_in
com.minook.zeppa.R$anim: int slide_right_out
com.minook.zeppa.R$anim: int slide_up_in
com.minook.zeppa.R$array: int event_types
com.minook.zeppa.R$array: int home_tab_options
com.minook.zeppa.R$array: int navigation_options
com.minook.zeppa.R$attr: int actionBarDivider
com.minook.zeppa.R$attr: int actionBarItemBackground
com.minook.zeppa.R$attr: int actionBarPopupTheme
com.minook.zeppa.R$attr: int actionBarSize
com.minook.zeppa.R$attr: int actionBarSplitStyle
com.minook.zeppa.R$attr: int actionBarStyle
com.minook.zeppa.R$attr: int actionBarTabBarStyle
com.minook.zeppa.R$attr: int actionBarTabStyle
com.minook.zeppa.R$attr: int actionBarTabTextStyle
com.minook.zeppa.R$attr: int actionBarTheme
com.minook.zeppa.R$attr: int actionBarWidgetTheme
com.minook.zeppa.R$attr: int actionButtonStyle
com.minook.zeppa.R$attr: int actionDropDownStyle
com.minook.zeppa.R$attr: int actionLayout
com.minook.zeppa.R$attr: int actionMenuTextAppearance
com.minook.zeppa.R$attr: int actionMenuTextColor
com.minook.zeppa.R$attr: int actionModeBackground
com.minook.zeppa.R$attr: int actionModeCloseButtonStyle
com.minook.zeppa.R$attr: int actionModeCloseDrawable
com.minook.zeppa.R$attr: int actionModeCopyDrawable
com.minook.zeppa.R$attr: int actionModeCutDrawable
com.minook.zeppa.R$attr: int actionModeFindDrawable
com.minook.zeppa.R$attr: int actionModePasteDrawable
com.minook.zeppa.R$attr: int actionModePopupWindowStyle
com.minook.zeppa.R$attr: int actionModeSelectAllDrawable
com.minook.zeppa.R$attr: int actionModeShareDrawable
com.minook.zeppa.R$attr: int actionModeSplitBackground
com.minook.zeppa.R$attr: int actionModeStyle
com.minook.zeppa.R$attr: int actionModeWebSearchDrawable
com.minook.zeppa.R$bool: int abc_action_bar_embed_tabs
com.minook.zeppa.R$bool: int abc_action_bar_embed_tabs_pre_jb
com.minook.zeppa.R$bool: int abc_action_bar_expanded_action_views_exclusive
com.minook.zeppa.R$bool: int abc_config_actionMenuItemAllCaps
com.minook.zeppa.R$bool: int abc_config_allowActionMenuItemTextWithIcon
com.minook.zeppa.R$bool: int abc_config_showMenuShortcutsWhenKeyboardPresent
...
com.google.android.gms.fitness.request.e
com.google.android.gms.fitness.request.e: android.os.Parcelable$Creator CREATOR
com.google.android.gms.fitness.request.j
com.google.android.gms.fitness.request.j: android.os.Parcelable$Creator CREATOR
com.google.android.gms.fitness.request.m
com.google.android.gms.fitness.request.m: android.os.Parcelable$Creator CREATOR
com.google.android.gms.fitness.request.o
com.google.android.gms.fitness.request.o: android.os.Parcelable$Creator CREATOR
com.google.android.gms.fitness.request.q
com.google.android.gms.fitness.request.q: android.os.Parcelable$Creator CREATOR
com.google.android.gms.fitness.request.u
com.google.android.gms.fitness.request.u: android.os.Parcelable$Creator CREATOR
com.google.android.gms.fitness.request.w
com.google.android.gms.fitness.request.w: android.os.Parcelable$Creator CREATOR
com.google.android.gms.fitness.request.y
com.google.android.gms.fitness.request.y: android.os.Parcelable$Creator CREATOR
com.google.android.gms.fitness.result.BleDevicesResult
com.google.android.gms.fitness.result.BleDevicesResult: android.os.Parcelable$Creator CREATOR
com.google.android.gms.fitness.result.DataReadResult
com.google.android.gms.fitness.result.DataReadResult: android.os.Parcelable$Creator CREATOR
com.google.android.gms.fitness.result.DataSourcesResult
com.google.android.gms.fitness.result.DataSourcesResult: android.os.Parcelable$Creator CREATOR
com.google.android.gms.fitness.result.DataTypeResult
com.google.android.gms.fitness.result.DataTypeResult: android.os.Parcelable$Creator CREATOR
com.google.android.gms.fitness.result.ListSubscriptionsResult
com.google.android.gms.fitness.result.ListSubscriptionsResult: android.os.Parcelable$Creator CREATOR
com.google.android.gms.fitness.result.SessionReadResult
com.google.android.gms.fitness.result.SessionReadResult: android.os.Parcelable$Creator CREATOR
com.google.android.gms.fitness.result.SessionStopResult
com.google.android.gms.fitness.result.SessionStopResult: android.os.Parcelable$Creator CREATOR
com.google.android.gms.fitness.service.FitnessSensorServiceRequest
com.google.android.gms.fitness.service.FitnessSensorServiceRequest: android.os.Parcelable$Creator CREATOR
com.google.android.gms.games.Game
com.google.android.gms.games.GameEntity
com.google.android.gms.games.GameEntity: android.os.Parcelable$Creator CREATOR
com.google.android.gms.games.GameRef
com.google.android.gms.games.Player
com.google.android.gms.games.PlayerEntity
com.google.android.gms.games.PlayerEntity: android.os.Parcelable$Creator CREATOR
com.google.android.gms.games.PlayerLevel
com.google.android.gms.games.PlayerLevelInfo
com.google.android.gms.games.PlayerRef
com.google.android.gms.games.achievement.Achievement
com.google.android.gms.games.achievement.AchievementEntity
com.google.android.gms.games.achievement.AchievementRef
com.google.android.gms.games.appcontent.AppContentAction
com.google.android.gms.games.appcontent.AppContentActionEntity
com.google.android.gms.games.appcontent.AppContentActionRef
com.google.android.gms.games.appcontent.AppContentAnnotation
com.google.android.gms.games.appcontent.AppContentAnnotationEntity
com.google.android.gms.games.appcontent.AppContentAnnotationRef
com.google.android.gms.games.appcontent.AppContentCard
com.google.android.gms.games.appcontent.AppContentCardEntity
com.google.android.gms.games.appcontent.AppContentCardRef
com.google.android.gms.games.appcontent.AppContentCondition
com.google.android.gms.games.appcontent.AppContentConditionEntity
com.google.android.gms.games.appcontent.AppContentConditionRef
com.google.android.gms.games.appcontent.AppContentSection
com.google.android.gms.games.appcontent.AppContentSectionEntity
com.google.android.gms.games.appcontent.AppContentSectionRef
com.google.android.gms.games.appcontent.AppContentTuple
com.google.android.gms.games.appcontent.AppContentTupleEntity
com.google.android.gms.games.appcontent.AppContentTupleRef
com.google.android.gms.games.event.Event