proguard/mapping.txt
com.minook.zeppa.CloudEndpointUtils -> com.minook.zeppa.a:
    com.google.api.client.googleapis.services.AbstractGoogleClient$Builder updateBuilder(com.google.api.client.googleapis.services.AbstractGoogleClient$Builder) -> a
com.minook.zeppa.CloudEndpointUtils$1 -> com.minook.zeppa.b:
    boolean val$enableGZip -> a
    void initialize(com.google.api.client.googleapis.services.AbstractGoogleClientRequest) -> a
com.minook.zeppa.PrefsManager -> com.minook.zeppa.c:
    android.content.SharedPreferences getSharedPreferences(android.content.Context) -> d
    java.lang.String getLoggedInEmail(android.content.Context) -> a
    boolean setLoggedInAccountEmail(android.content.Context,java.lang.String) -> a
    java.lang.Long getLoggedInUserId(android.content.Context) -> b
    boolean setLoggedInUserId(android.content.Context,java.lang.Long) -> a
    boolean getUserPreference(android.content.Context,java.lang.String) -> b
    boolean setUserPreference(android.content.Context,java.lang.String,boolean) -> a
    boolean containsUserPreference(android.content.Context,java.lang.String) -> c
    void setBaseNotificationPreferences(android.content.Context) -> c
com.minook.zeppa.Utils -> com.minook.zeppa.d:
    java.util.Comparator USER_COMPARATOR -> a
    java.util.Comparator NOTIFICAITON_COMPARATOR -> b
    java.lang.String getDisplayDatesString(long,long) -> a
    java.lang.String getDisplayDateString(long) -> a
    java.lang.String getDisplayTimeString(long) -> b
    java.lang.String getTimeAsString(long) -> c
    java.lang.String getDayString(long) -> d
    java.lang.String getDateString(long) -> e
    java.lang.String getPrivacy(int) -> a
    java.lang.String formatPhoneNumber(java.lang.String) -> a
    java.lang.String make11DigitNumber(java.lang.String) -> b
    android.graphics.Bitmap loadImageBitmapFromUrl(java.lang.String) -> c
    android.view.View makeLoaderView(com.minook.zeppa.activity.AuthenticatedFragmentActivity,java.lang.String) -> a
com.minook.zeppa.Utils$1 -> com.minook.zeppa.e:
    int compare(com.minook.zeppa.mediator.AbstractZeppaUserMediator,com.minook.zeppa.mediator.AbstractZeppaUserMediator) -> a
    int compare(java.lang.Object,java.lang.Object) -> compare
com.minook.zeppa.Utils$2 -> com.minook.zeppa.f:
    int compare(com.minook.zeppa.zeppanotificationendpoint.model.ZeppaNotification,com.minook.zeppa.zeppanotificationendpoint.model.ZeppaNotification) -> a
    int compare(java.lang.Object,java.lang.Object) -> compare
com.minook.zeppa.ZeppaApplication -> com.minook.zeppa.ZeppaApplication:
    java.util.List memoryObservers -> a
    com.minook.zeppa.activity.AuthenticatedFragmentActivity currentActivity -> b
    com.minook.zeppa.deviceinfoendpoint.model.DeviceInfo currentDeviceInfo -> c
    void onCreate() -> onCreate
    void onLowMemory() -> onLowMemory
    com.minook.zeppa.deviceinfoendpoint.model.DeviceInfo getCurrentDeviceInfo() -> a
    void setCurrentDeviceInfo(com.minook.zeppa.deviceinfoendpoint.model.DeviceInfo) -> a
    void unregisterMemoryObservery(com.minook.zeppa.observer.MemoryObserver) -> a
    void setCurrentActivity(com.minook.zeppa.activity.AuthenticatedFragmentActivity) -> a
    com.minook.zeppa.activity.AuthenticatedFragmentActivity getCurrentActivity() -> b
    void initialize(com.google.api.client.googleapis.extensions.android.gms.auth.GoogleAccountCredential) -> a
    void onTrimMemory(int) -> onTrimMemory
    void onMemoryWarning() -> c
    void onMemoryLow() -> d
    void onMemoryCritical() -> e
...
org.apache.http.impl.cookie.RFC2109VersionHandler -> a.a.a.h.d.ac:
    void parse(org.apache.http.cookie.SetCookie,java.lang.String) -> a
    void validate(org.apache.http.cookie.Cookie,org.apache.http.cookie.CookieOrigin) -> a
    java.lang.String getAttributeName() -> a
org.apache.http.impl.cookie.RFC2965CommentUrlAttributeHandler -> a.a.a.h.d.ad:
    void parse(org.apache.http.cookie.SetCookie,java.lang.String) -> a
    void validate(org.apache.http.cookie.Cookie,org.apache.http.cookie.CookieOrigin) -> a
    boolean match(org.apache.http.cookie.Cookie,org.apache.http.cookie.CookieOrigin) -> b
    java.lang.String getAttributeName() -> a
org.apache.http.impl.cookie.RFC2965DiscardAttributeHandler -> a.a.a.h.d.ae:
    void parse(org.apache.http.cookie.SetCookie,java.lang.String) -> a
    void validate(org.apache.http.cookie.Cookie,org.apache.http.cookie.CookieOrigin) -> a
    boolean match(org.apache.http.cookie.Cookie,org.apache.http.cookie.CookieOrigin) -> b
    java.lang.String getAttributeName() -> a
org.apache.http.impl.cookie.RFC2965DomainAttributeHandler -> a.a.a.h.d.af:
    void parse(org.apache.http.cookie.SetCookie,java.lang.String) -> a
    boolean domainMatch(java.lang.String,java.lang.String) -> a
    void validate(org.apache.http.cookie.Cookie,org.apache.http.cookie.CookieOrigin) -> a
    boolean match(org.apache.http.cookie.Cookie,org.apache.http.cookie.CookieOrigin) -> b
    java.lang.String getAttributeName() -> a
org.apache.http.impl.cookie.RFC2965PortAttributeHandler -> a.a.a.h.d.ag:
    int[] parsePortAttribute(java.lang.String) -> a
    boolean portMatch(int,int[]) -> a
    void parse(org.apache.http.cookie.SetCookie,java.lang.String) -> a
    void validate(org.apache.http.cookie.Cookie,org.apache.http.cookie.CookieOrigin) -> a
    boolean match(org.apache.http.cookie.Cookie,org.apache.http.cookie.CookieOrigin) -> b
    java.lang.String getAttributeName() -> a
org.apache.http.impl.cookie.RFC2965Spec -> a.a.a.h.d.ah:
    java.util.List parse(org.apache.http.Header,org.apache.http.cookie.CookieOrigin) -> a
    java.util.List parse(org.apache.http.HeaderElement[],org.apache.http.cookie.CookieOrigin) -> a
    java.util.List createCookies(org.apache.http.HeaderElement[],org.apache.http.cookie.CookieOrigin) -> b
    void validate(org.apache.http.cookie.Cookie,org.apache.http.cookie.CookieOrigin) -> a
    boolean match(org.apache.http.cookie.Cookie,org.apache.http.cookie.CookieOrigin) -> b
    void formatCookieAsVer(org.apache.http.util.CharArrayBuffer,org.apache.http.cookie.Cookie,int) -> a
    org.apache.http.cookie.CookieOrigin adjustEffectiveHost(org.apache.http.cookie.CookieOrigin) -> c
    int getVersion() -> a
    org.apache.http.Header getVersionHeader() -> b
    java.lang.String toString() -> toString
org.apache.http.impl.cookie.RFC2965SpecFactory -> a.a.a.h.d.ai:
    org.apache.http.cookie.CookieSpec cookieSpec -> a
    org.apache.http.cookie.CookieSpec newInstance(org.apache.http.params.HttpParams) -> a
    org.apache.http.cookie.CookieSpec create(org.apache.http.protocol.HttpContext) -> a
org.apache.http.impl.cookie.RFC2965VersionAttributeHandler -> a.a.a.h.d.aj:
    void parse(org.apache.http.cookie.SetCookie,java.lang.String) -> a
    void validate(org.apache.http.cookie.Cookie,org.apache.http.cookie.CookieOrigin) -> a
    boolean match(org.apache.http.cookie.Cookie,org.apache.http.cookie.CookieOrigin) -> b
    java.lang.String getAttributeName() -> a
org.apache.http.impl.entity.EntityDeserializer -> a.a.a.h.e.a:
    org.apache.http.entity.ContentLengthStrategy lenStrategy -> a
    org.apache.http.entity.BasicHttpEntity doDeserialize(org.apache.http.io.SessionInputBuffer,org.apache.http.HttpMessage) -> a
    org.apache.http.HttpEntity deserialize(org.apache.http.io.SessionInputBuffer,org.apache.http.HttpMessage) -> b