proguard/usage.txt
com.minook.zeppa.BuildConfig
com.minook.zeppa.CloudEndpointUtils:
    protected static final boolean LOCAL_ANDROID_RUN
    protected static final java.lang.String LOCAL_APP_ENGINE_SERVER_URL
    protected static final java.lang.String LOCAL_APP_ENGINE_SERVER_URL_FOR_ANDROID
    protected static final java.lang.String APP_NAME
    26:26:public CloudEndpointUtils()
    96:98:public static void logAndShow(android.app.Activity,java.lang.String,java.lang.String)
    112:124:public static void logAndShow(android.app.Activity,java.lang.String,java.lang.Throwable)
    135:143:public static void showError(android.app.Activity,java.lang.String)
com.minook.zeppa.CloudEndpointUtils$2
com.minook.zeppa.Constants
com.minook.zeppa.Constants$NotificationType
com.minook.zeppa.PrefsManager:
    6:6:public PrefsManager()
com.minook.zeppa.R
com.minook.zeppa.R$anim
com.minook.zeppa.R$array
com.minook.zeppa.R$attr
com.minook.zeppa.R$bool
com.minook.zeppa.R$color
com.minook.zeppa.R$dimen
com.minook.zeppa.R$drawable
com.minook.zeppa.R$id
com.minook.zeppa.R$integer
com.minook.zeppa.R$layout
com.minook.zeppa.R$menu
com.minook.zeppa.R$raw
com.minook.zeppa.R$string
com.minook.zeppa.R$style
com.minook.zeppa.R$styleable
com.minook.zeppa.Utils:
    22:22:public Utils()
    29:38:public static java.lang.String encodeListString(java.util.List)
    42:51:public static java.lang.String encodeListLong(java.util.ArrayList)
com.minook.zeppa.ZeppaApplication:
    64:65:public void registerMemoryObserver(com.minook.zeppa.observer.MemoryObserver)
com.minook.zeppa.activity.AbstractAccountBaseActivity:
    protected android.graphics.drawable.Drawable loadedImage
    protected java.lang.String profileId
    private static final int REQ_SELECT_PHOTO
    protected abstract void setInfo()
com.minook.zeppa.activity.AbstractEventViewActivity:
    315:317:public void onEventUpdate(com.minook.zeppa.zeppaeventendpoint.model.ZeppaEvent)
    321:324:public void onErrorLoadingRelationships()
    328:330:public void onErrorUpdatingEvent()
    334:336:public void onErrorLoadingComments()
com.minook.zeppa.activity.AuthenticatedFragmentActivity$Error
com.minook.zeppa.activity.MinglerActivity:
    323:326:public long getMinglerId()
com.minook.zeppa.activity.NewEventActivity:
    private static final java.lang.String PICKER_24HR_ARG
    private static final java.lang.String PICKER_HOUR
    private static final java.lang.String PICKER_MINUTE
    private static final java.lang.String PICKER_DAY
    private static final java.lang.String PICKER_MONTH
    private static final java.lang.String PICKER_YEAR
com.minook.zeppa.activity.NotificationDispatchActivity
com.minook.zeppa.adapter.eventlistadapter.AbstractEventLayoutAdapter:
    protected abstract java.util.List getCurrentEventMediators()
    protected abstract void setEventMediators()
com.minook.zeppa.adapter.eventlistadapter.AbstractEventListAdapter:
    protected android.view.View loaderView
    protected abstract java.util.List getCurrentEventMediators()
    120:120:protected com.google.api.client.googleapis.extensions.android.gms.auth.GoogleAccountCredential getCredential()
    124:124:protected java.lang.Long getUserId()
com.minook.zeppa.adapter.eventlistadapter.AgendaListAdapter:
    27:27:protected java.util.List getCurrentEventMediators()
com.minook.zeppa.adapter.eventlistadapter.FeedListAdapter:
    18:18:protected java.util.List getCurrentEventMediators()
com.minook.zeppa.adapter.eventlistadapter.MinglerEventsAdapter:
    28:28:protected java.util.List getCurrentEventMediators()
com.minook.zeppa.adapter.tagadapter.AbstractTagAdapter:
    protected boolean hasLoadedTags
    38:47:public void verifyDatasetValid()
com.minook.zeppa.adapter.tagadapter.MinglerTagAdapter:
    102:112:public boolean doUpdateAdapter(java.util.List)
...
com.google.android.gms.fitness.request.aj:
    private aj(com.google.android.gms.fitness.request.aj$a)
    synthetic aj(com.google.android.gms.fitness.request.aj$a,com.google.android.gms.fitness.request.aj$1)
com.google.android.gms.fitness.request.aj$1
com.google.android.gms.fitness.request.aj$a
com.google.android.gms.fitness.request.b:
    public b(java.lang.String)
    public b(com.google.android.gms.fitness.data.BleDevice)
com.google.android.gms.fitness.request.e:
    private e(com.google.android.gms.fitness.request.e$a)
    synthetic e(com.google.android.gms.fitness.request.e$a,com.google.android.gms.fitness.request.e$1)
com.google.android.gms.fitness.request.e$1
com.google.android.gms.fitness.request.e$a
com.google.android.gms.fitness.request.j:
    public j(java.lang.String)
com.google.android.gms.fitness.request.l$a:
    public l$a()
com.google.android.gms.fitness.request.m:
    private m(com.google.android.gms.fitness.request.m$a)
    synthetic m(com.google.android.gms.fitness.request.m$a,com.google.android.gms.fitness.request.m$1)
com.google.android.gms.fitness.request.m$1
com.google.android.gms.fitness.request.m$a
com.google.android.gms.fitness.request.o:
    public o(com.google.android.gms.fitness.request.SensorRequest,com.google.android.gms.fitness.data.k,android.app.PendingIntent)
    private o(com.google.android.gms.fitness.data.DataSource,com.google.android.gms.fitness.data.DataType,com.google.android.gms.fitness.data.k,android.app.PendingIntent,long,long,long,int,java.util.List,java.util.List,long)
com.google.android.gms.fitness.request.q:
    public q(com.google.android.gms.fitness.data.k,android.app.PendingIntent)
com.google.android.gms.fitness.request.u:
    public u(android.app.PendingIntent)
com.google.android.gms.fitness.request.w:
    private w(com.google.android.gms.fitness.request.w$a)
    synthetic w(com.google.android.gms.fitness.request.w$a,com.google.android.gms.fitness.request.w$1)
com.google.android.gms.fitness.request.w$1
com.google.android.gms.fitness.request.w$a
com.google.android.gms.fitness.request.y:
    private y(com.google.android.gms.fitness.request.y$a)
    synthetic y(com.google.android.gms.fitness.request.y$a,com.google.android.gms.fitness.request.y$1)
com.google.android.gms.fitness.request.y$1
com.google.android.gms.fitness.request.y$a
com.google.android.gms.fitness.result.BleDevicesResult:
    public BleDevicesResult(java.util.List,com.google.android.gms.common.api.Status)
    public static com.google.android.gms.fitness.result.BleDevicesResult C(com.google.android.gms.common.api.Status)
    public java.util.List getClaimedBleDevices(com.google.android.gms.fitness.data.DataType)
com.google.android.gms.fitness.result.DataReadResult:
    public DataReadResult(java.util.List,java.util.List,com.google.android.gms.common.api.Status)
    public static com.google.android.gms.fitness.result.DataReadResult a(com.google.android.gms.common.api.Status,com.google.android.gms.fitness.request.DataReadRequest)
    public com.google.android.gms.fitness.data.DataSet getDataSet(com.google.android.gms.fitness.data.DataType)
    public com.google.android.gms.fitness.data.DataSet getDataSet(com.google.android.gms.fitness.data.DataSource)
    public java.util.List getDataSets()
    public java.util.List getBuckets()
    public void b(com.google.android.gms.fitness.result.DataReadResult)
    private void a(com.google.android.gms.fitness.data.DataSet,java.util.List)
    private void a(com.google.android.gms.fitness.data.Bucket,java.util.List)
com.google.android.gms.fitness.result.DataSourcesResult:
    public DataSourcesResult(java.util.List,com.google.android.gms.common.api.Status)
    public static com.google.android.gms.fitness.result.DataSourcesResult D(com.google.android.gms.common.api.Status)
    public java.util.List getDataSources(com.google.android.gms.fitness.data.DataType)